{"level":"error","message":"Error connecting to DB:","timestamp":"2024-09-30T13:01:45.679Z"}
{"level":"info","message":"Connected to DB","timestamp":"2024-10-03T11:42:27.855Z"}
{"level":"info","message":"Server is running on http://localhost:8900","timestamp":"2024-10-03T11:42:27.893Z"}
{"level":"error","message":"TypeError: Cannot read properties of undefined (reading 'id')\n    at Object.keyGenerator (file:///C:/Users/Igashi/Desktop/node-personal-projects/Altschool_Exam_project/limiter/rateLimiter.js:7:51)\n    at file:///C:/Users/Igashi/Desktop/node-personal-projects/Altschool_Exam_project/node_modules/express-rate-limit/dist/index.mjs:631:32\n    at async file:///C:/Users/Igashi/Desktop/node-personal-projects/Altschool_Exam_project/node_modules/express-rate-limit/dist/index.mjs:611:5","timestamp":"2024-10-03T11:42:40.590Z"}
{"level":"error","message":"TypeError: Cannot read properties of undefined (reading 'id')\n    at Object.keyGenerator (file:///C:/Users/Igashi/Desktop/node-personal-projects/Altschool_Exam_project/limiter/rateLimiter.js:7:51)\n    at file:///C:/Users/Igashi/Desktop/node-personal-projects/Altschool_Exam_project/node_modules/express-rate-limit/dist/index.mjs:631:32\n    at async file:///C:/Users/Igashi/Desktop/node-personal-projects/Altschool_Exam_project/node_modules/express-rate-limit/dist/index.mjs:611:5","timestamp":"2024-10-03T11:42:41.412Z"}
{"level":"info","message":"Connected to DB","timestamp":"2024-10-03T11:45:25.188Z"}
{"level":"info","message":"Server is running on http://localhost:8900","timestamp":"2024-10-03T11:45:25.227Z"}
{"level":"info","message":"User","timestamp":"2024-10-03T11:46:25.849Z"}
{"kind":"ObjectId","level":"error","path":"_id","reason":{},"stringValue":"\"create\"","timestamp":"2024-10-03T11:46:42.056Z","value":"create","valueType":"string"}
{"level":"error","status":500,"timestamp":"2024-10-03T11:46:42.060Z"}
{"level":"info","message":"Connected to DB","timestamp":"2024-10-03T11:48:20.238Z"}
{"level":"info","message":"Server is running on http://localhost:8900","timestamp":"2024-10-03T11:48:20.275Z"}
{"level":"info","message":"Connected to DB","timestamp":"2024-10-03T11:48:30.043Z"}
{"level":"info","message":"Server is running on http://localhost:8900","timestamp":"2024-10-03T11:48:30.080Z"}
{"level":"info","message":"User","timestamp":"2024-10-03T11:48:33.810Z"}
{"kind":"ObjectId","level":"error","path":"_id","reason":{},"stringValue":"\"create\"","timestamp":"2024-10-03T11:48:35.609Z","value":"create","valueType":"string"}
{"level":"error","status":500,"timestamp":"2024-10-03T11:48:35.614Z"}
{"level":"info","message":"Connected to DB","timestamp":"2024-10-03T12:02:00.440Z"}
{"level":"info","message":"Server is running on http://localhost:8900","timestamp":"2024-10-03T12:02:00.483Z"}
{"level":"info","message":"Connected to DB","timestamp":"2024-10-03T12:27:58.306Z"}
{"level":"info","message":"Server is running on http://localhost:8900","timestamp":"2024-10-03T12:27:58.342Z"}
{"level":"info","message":"authentication Middleware","timestamp":"2024-10-03T12:28:02.900Z"}
{"level":"info","message":"Connected to DB","timestamp":"2024-10-03T13:08:19.470Z"}
{"level":"info","message":"Server is running on http://localhost:8900","timestamp":"2024-10-03T13:08:19.514Z"}
{"level":"info","message":"authentication Middleware","timestamp":"2024-10-03T13:08:38.539Z"}
{"level":"info","message":"Connected to DB","timestamp":"2024-10-03T13:09:52.512Z"}
{"level":"info","message":"Server is running on http://localhost:8900","timestamp":"2024-10-03T13:09:52.547Z"}
{"level":"info","message":"Connected to DB","timestamp":"2024-10-03T13:10:11.592Z"}
{"level":"info","message":"Server is running on http://localhost:8900","timestamp":"2024-10-03T13:10:11.626Z"}
{"level":"info","message":"authentication Middleware","timestamp":"2024-10-03T13:13:15.046Z"}
{"level":"info","message":"User","timestamp":"2024-10-03T13:13:18.285Z"}
{"kind":"ObjectId","level":"error","path":"_id","reason":{},"stringValue":"\"create\"","timestamp":"2024-10-03T13:13:20.943Z","value":"create","valueType":"string"}
{"level":"error","status":500,"timestamp":"2024-10-03T13:13:20.944Z"}
{"level":"info","message":"Connected to DB","timestamp":"2024-10-03T13:19:53.013Z"}
{"level":"info","message":"Server is running on http://localhost:8900","timestamp":"2024-10-03T13:19:53.048Z"}
{"level":"info","message":"authentication Middleware","timestamp":"2024-10-03T13:28:20.132Z"}
{"level":"info","message":"Connected to DB","timestamp":"2024-10-03T13:29:29.696Z"}
{"level":"info","message":"Server is running on http://localhost:8900","timestamp":"2024-10-03T13:29:29.743Z"}
{"level":"info","message":"Connected to DB","timestamp":"2024-10-03T13:31:33.621Z"}
{"level":"info","message":"Server is running on http://localhost:8900","timestamp":"2024-10-03T13:31:33.666Z"}
{"level":"info","message":"authentication Middleware","timestamp":"2024-10-03T13:34:45.147Z"}
{"level":"info","message":"Connected to DB","timestamp":"2024-10-03T13:42:41.113Z"}
{"level":"info","message":"Server is running on http://localhost:8900","timestamp":"2024-10-03T13:42:41.153Z"}
{"level":"info","message":"Connected to DB","timestamp":"2024-10-03T13:59:09.281Z"}
{"level":"info","message":"Server is running on http://localhost:8900","timestamp":"2024-10-03T13:59:09.331Z"}
{"level":"info","message":"authentication Middleware","timestamp":"2024-10-03T13:59:11.961Z"}
{"level":"info","message":"Connected to DB","timestamp":"2024-10-03T14:05:08.667Z"}
{"level":"info","message":"Server is running on http://localhost:8900","timestamp":"2024-10-03T14:05:08.711Z"}
{"level":"error","message":"Error: User with this email already Exist\n    at Module.register (file:///C:/Users/Igashi/Desktop/node-personal-projects/Altschool_Exam_project/src/services/auth.service.js:42:11)\n    at process.processTicksAndRejections (node:internal/process/task_queues:95:5)\n    at async register (file:///C:/Users/Igashi/Desktop/node-personal-projects/Altschool_Exam_project/src/controllers/auth.controller.js:23:3)\n    at async file:///C:/Users/Igashi/Desktop/node-personal-projects/Altschool_Exam_project/src/middlewares/async.middleware.js:4:7","timestamp":"2024-10-03T14:05:27.054Z"}
{"level":"error","message":"ReferenceError: newUser is not defined\n    at register (file:///C:/Users/Igashi/Desktop/node-personal-projects/Altschool_Exam_project/src/controllers/auth.controller.js:34:13)\n    at process.processTicksAndRejections (node:internal/process/task_queues:95:5)\n    at async file:///C:/Users/Igashi/Desktop/node-personal-projects/Altschool_Exam_project/src/middlewares/async.middleware.js:4:7","timestamp":"2024-10-03T14:06:02.538Z"}
{"level":"info","message":"Connected to DB","timestamp":"2024-10-03T14:07:31.696Z"}
{"level":"info","message":"Server is running on http://localhost:8900","timestamp":"2024-10-03T14:07:31.728Z"}
{"level":"error","message":"Error: User with this email already Exist\n    at Module.register (file:///C:/Users/Igashi/Desktop/node-personal-projects/Altschool_Exam_project/src/services/auth.service.js:42:11)\n    at process.processTicksAndRejections (node:internal/process/task_queues:95:5)\n    at async register (file:///C:/Users/Igashi/Desktop/node-personal-projects/Altschool_Exam_project/src/controllers/auth.controller.js:23:3)\n    at async file:///C:/Users/Igashi/Desktop/node-personal-projects/Altschool_Exam_project/src/middlewares/async.middleware.js:4:7","timestamp":"2024-10-03T14:07:34.184Z"}
{"level":"info","message":"Connected to DB","timestamp":"2024-10-03T14:09:15.274Z"}
{"level":"info","message":"Server is running on http://localhost:8900","timestamp":"2024-10-03T14:09:15.313Z"}
{"level":"error","message":"Error: User with this email already Exist\n    at Module.register (file:///C:/Users/Igashi/Desktop/node-personal-projects/Altschool_Exam_project/src/services/auth.service.js:42:11)\n    at process.processTicksAndRejections (node:internal/process/task_queues:95:5)\n    at async register (file:///C:/Users/Igashi/Desktop/node-personal-projects/Altschool_Exam_project/src/controllers/auth.controller.js:23:3)\n    at async file:///C:/Users/Igashi/Desktop/node-personal-projects/Altschool_Exam_project/src/middlewares/async.middleware.js:4:7","timestamp":"2024-10-03T14:09:17.217Z"}
{"level":"error","message":"Error [ERR_HTTP_HEADERS_SENT]: Cannot set headers after they are sent to the client\n    at ServerResponse.setHeader (node:_http_outgoing:659:11)\n    at ServerResponse.header (C:\\Users\\Igashi\\Desktop\\node-personal-projects\\Altschool_Exam_project\\node_modules\\express\\lib\\response.js:795:10)\n    at ServerResponse.append (C:\\Users\\Igashi\\Desktop\\node-personal-projects\\Altschool_Exam_project\\node_modules\\express\\lib\\response.js:756:15)\n    at res.cookie (C:\\Users\\Igashi\\Desktop\\node-personal-projects\\Altschool_Exam_project\\node_modules\\express\\lib\\response.js:885:8)\n    at login (file:///C:/Users/Igashi/Desktop/node-personal-projects/Altschool_Exam_project/src/controllers/auth.controller.js:7:7)\n    at process.processTicksAndRejections (node:internal/process/task_queues:95:5)\n    at async file:///C:/Users/Igashi/Desktop/node-personal-projects/Altschool_Exam_project/src/middlewares/async.middleware.js:4:7","timestamp":"2024-10-03T14:10:04.525Z"}
{"level":"info","message":"Connected to DB","timestamp":"2024-10-03T14:13:53.409Z"}
{"level":"info","message":"Server is running on http://localhost:8900","timestamp":"2024-10-03T14:13:53.445Z"}
{"level":"info","message":"Connected to DB","timestamp":"2024-10-03T14:14:20.451Z"}
{"level":"info","message":"Server is running on http://localhost:8900","timestamp":"2024-10-03T14:14:20.485Z"}
{"level":"error","message":"Error: User with this email already Exist\n    at Module.register (file:///C:/Users/Igashi/Desktop/node-personal-projects/Altschool_Exam_project/src/services/auth.service.js:42:11)\n    at process.processTicksAndRejections (node:internal/process/task_queues:95:5)\n    at async register (file:///C:/Users/Igashi/Desktop/node-personal-projects/Altschool_Exam_project/src/controllers/auth.controller.js:23:3)\n    at async file:///C:/Users/Igashi/Desktop/node-personal-projects/Altschool_Exam_project/src/middlewares/async.middleware.js:4:7","timestamp":"2024-10-03T14:14:27.424Z"}
{"level":"info","message":"Connected to DB","timestamp":"2024-10-03T14:15:38.198Z"}
{"level":"info","message":"Server is running on http://localhost:8900","timestamp":"2024-10-03T14:15:38.235Z"}
{"level":"info","message":"Connected to DB","timestamp":"2024-10-03T14:21:26.098Z"}
{"level":"info","message":"Server is running on http://localhost:8900","timestamp":"2024-10-03T14:21:26.147Z"}
{"level":"info","message":"Connected to DB","timestamp":"2024-10-03T14:23:35.328Z"}
{"level":"info","message":"Server is running on http://localhost:8900","timestamp":"2024-10-03T14:23:35.376Z"}
{"level":"info","message":"Connected to DB","timestamp":"2024-10-03T14:25:42.736Z"}
{"level":"info","message":"Server is running on http://localhost:8900","timestamp":"2024-10-03T14:25:42.778Z"}
{"level":"info","message":"Connected to DB","timestamp":"2024-10-03T14:32:34.938Z"}
{"level":"info","message":"Server is running on http://localhost:8900","timestamp":"2024-10-03T14:32:34.975Z"}
{"level":"info","message":"Connected to DB","timestamp":"2024-10-03T14:40:13.338Z"}
{"level":"info","message":"Server is running on http://localhost:8900","timestamp":"2024-10-03T14:40:13.373Z"}
{"level":"info","message":"Connected to DB","timestamp":"2024-10-03T14:44:17.728Z"}
{"level":"info","message":"Server is running on http://localhost:8900","timestamp":"2024-10-03T14:44:17.760Z"}
{"level":"info","message":"Connected to DB","timestamp":"2024-10-03T14:46:30.518Z"}
{"level":"info","message":"Server is running on http://localhost:8900","timestamp":"2024-10-03T14:46:30.569Z"}
{"level":"info","message":"Connected to DB","timestamp":"2024-10-03T14:53:53.779Z"}
{"level":"info","message":"Server is running on http://localhost:8900","timestamp":"2024-10-03T14:53:53.815Z"}
{"level":"info","message":"Connected to DB","timestamp":"2024-10-03T14:55:16.652Z"}
{"level":"info","message":"Server is running on http://localhost:8900","timestamp":"2024-10-03T14:55:16.698Z"}
{"level":"info","message":"authentication Middleware","timestamp":"2024-10-03T15:00:47.206Z"}
{"level":"info","message":"authentication Middleware","timestamp":"2024-10-03T15:01:15.902Z"}
{"level":"info","message":"Connected to DB","timestamp":"2024-10-03T15:12:38.279Z"}
{"level":"info","message":"Server is running on http://localhost:8900","timestamp":"2024-10-03T15:12:38.388Z"}
{"level":"info","message":"Connected to DB","timestamp":"2024-10-03T20:14:20.071Z"}
{"level":"info","message":"Server is running on http://localhost:8900","timestamp":"2024-10-03T20:14:20.155Z"}
{"level":"info","message":"authentication Middleware","timestamp":"2024-10-03T20:25:27.796Z"}
{"level":"error","message":"Error connecting to DB:","timestamp":"2024-10-03T20:26:19.622Z"}
{"level":"info","message":"Connected to DB","timestamp":"2024-10-03T20:28:50.548Z"}
{"level":"info","message":"Server is running on http://localhost:8900","timestamp":"2024-10-03T20:28:50.639Z"}
{"level":"info","message":"authentication Middleware","timestamp":"2024-10-03T20:32:18.729Z"}
{"level":"info","message":"Connected to DB","timestamp":"2024-10-03T20:35:18.814Z"}
{"level":"info","message":"Server is running on http://localhost:8900","timestamp":"2024-10-03T20:35:18.867Z"}
{"level":"info","message":"Connected to DB","timestamp":"2024-10-03T20:35:47.994Z"}
{"level":"info","message":"Server is running on http://localhost:8900","timestamp":"2024-10-03T20:35:48.134Z"}
{"level":"info","message":"Connected to DB","timestamp":"2024-10-03T20:43:25.724Z"}
{"level":"info","message":"Server is running on http://localhost:8900","timestamp":"2024-10-03T20:43:25.881Z"}
{"level":"info","message":"authentication Middleware","timestamp":"2024-10-03T20:43:33.116Z"}
{"level":"info","message":"Connected to DB","timestamp":"2024-10-03T20:48:10.618Z"}
{"level":"info","message":"Server is running on http://localhost:8900","timestamp":"2024-10-03T20:48:10.714Z"}
{"level":"info","message":"Connected to DB","timestamp":"2024-10-03T21:08:29.739Z"}
{"level":"info","message":"Server is running on http://localhost:8900","timestamp":"2024-10-03T21:08:29.774Z"}
{"level":"info","message":"Connected to DB","timestamp":"2024-10-03T21:08:37.354Z"}
{"level":"info","message":"Server is running on http://localhost:8900","timestamp":"2024-10-03T21:08:37.395Z"}
{"level":"info","message":"authentication Middleware","timestamp":"2024-10-03T21:08:42.533Z"}
{"level":"info","message":"authentication Middleware","timestamp":"2024-10-03T21:08:46.111Z"}
{"level":"info","message":"User","timestamp":"2024-10-03T21:10:55.784Z"}
{"level":"info","message":"Connected to DB","timestamp":"2024-10-03T21:18:54.866Z"}
{"level":"info","message":"Server is running on http://localhost:8900","timestamp":"2024-10-03T21:18:54.902Z"}
{"level":"info","message":"Connected to DB","timestamp":"2024-10-03T21:21:33.024Z"}
{"level":"info","message":"Server is running on http://localhost:8900","timestamp":"2024-10-03T21:21:33.071Z"}
{"level":"info","message":"Connected to DB","timestamp":"2024-10-03T21:23:16.592Z"}
{"level":"info","message":"Server is running on http://localhost:8900","timestamp":"2024-10-03T21:23:16.636Z"}
{"level":"error","message":"TypeError: next is not a function\n    at register (file:///C:/Users/Igashi/Desktop/node-personal-projects/Altschool_Exam_project/src/controllers/auth.controller.js:48:5)\n    at process.processTicksAndRejections (node:internal/process/task_queues:95:5)\n    at async file:///C:/Users/Igashi/Desktop/node-personal-projects/Altschool_Exam_project/src/middlewares/async.middleware.js:4:7","timestamp":"2024-10-03T21:23:32.398Z"}
{"level":"info","message":"Connected to DB","timestamp":"2024-10-03T21:24:42.903Z"}
{"level":"info","message":"Server is running on http://localhost:8900","timestamp":"2024-10-03T21:24:42.935Z"}
{"level":"info","message":"Connected to DB","timestamp":"2024-10-03T21:30:08.535Z"}
{"level":"info","message":"Server is running on http://localhost:8900","timestamp":"2024-10-03T21:30:08.574Z"}
{"level":"info","message":"Connected to DB","timestamp":"2024-10-03T21:31:47.285Z"}
{"level":"info","message":"Server is running on http://localhost:8900","timestamp":"2024-10-03T21:31:47.315Z"}
{"level":"info","message":"Connected to DB","timestamp":"2024-10-03T21:35:52.008Z"}
{"level":"info","message":"Server is running on http://localhost:8900","timestamp":"2024-10-03T21:35:52.040Z"}
{"level":"info","message":"authentication Middleware","timestamp":"2024-10-03T21:38:37.419Z"}
{"level":"info","message":"authentication Middleware","timestamp":"2024-10-03T21:43:18.698Z"}
{"level":"info","message":"User","timestamp":"2024-10-03T21:43:21.027Z"}
{"kind":"ObjectId","level":"error","path":"_id","reason":{},"stringValue":"\"create\"","timestamp":"2024-10-03T21:43:22.529Z","value":"create","valueType":"string"}
{"level":"error","status":500,"timestamp":"2024-10-03T21:43:22.535Z"}
{"kind":"ObjectId","level":"error","path":"_id","reason":{},"stringValue":"\"create\"","timestamp":"2024-10-03T21:48:29.112Z","value":"create","valueType":"string"}
{"level":"error","status":500,"timestamp":"2024-10-03T21:48:29.115Z"}
{"level":"info","message":"User","timestamp":"2024-10-03T21:55:48.066Z"}
{"kind":"ObjectId","level":"error","path":"_id","reason":{},"stringValue":"\"create\"","timestamp":"2024-10-03T21:55:50.768Z","value":"create","valueType":"string"}
{"level":"error","status":500,"timestamp":"2024-10-03T21:55:50.769Z"}
{"level":"info","message":"Connected to DB","timestamp":"2024-10-03T21:59:18.281Z"}
{"level":"info","message":"Server is running on http://localhost:8900","timestamp":"2024-10-03T21:59:18.369Z"}
{"kind":"ObjectId","level":"error","path":"_id","reason":{},"stringValue":"\"create\"","timestamp":"2024-10-03T22:00:32.074Z","value":"create","valueType":"string"}
{"level":"error","status":500,"timestamp":"2024-10-03T22:00:32.076Z"}
{"level":"info","message":"Connected to DB","timestamp":"2024-10-03T22:10:28.331Z"}
{"level":"info","message":"Server is running on http://localhost:8900","timestamp":"2024-10-03T22:10:28.359Z"}
{"level":"info","message":"Connected to DB","timestamp":"2024-10-03T22:15:32.992Z"}
{"level":"info","message":"Server is running on http://localhost:8900","timestamp":"2024-10-03T22:15:33.126Z"}
{"level":"info","message":"Connected to DB","timestamp":"2024-10-03T22:21:29.304Z"}
{"level":"info","message":"Server is running on http://localhost:8900","timestamp":"2024-10-03T22:21:29.506Z"}
{"kind":"ObjectId","level":"error","path":"_id","reason":{},"stringValue":"\"create\"","timestamp":"2024-10-03T22:21:33.443Z","value":"create","valueType":"string"}
{"level":"error","status":500,"timestamp":"2024-10-03T22:21:33.446Z"}
{"level":"info","message":"Connected to DB","timestamp":"2024-10-03T22:22:50.340Z"}
{"level":"info","message":"Server is running on http://localhost:8900","timestamp":"2024-10-03T22:22:50.432Z"}
{"level":"info","message":"Connected to DB","timestamp":"2024-10-03T22:23:19.363Z"}
{"level":"info","message":"Server is running on http://localhost:8900","timestamp":"2024-10-03T22:23:19.515Z"}
{"kind":"ObjectId","level":"error","path":"_id","reason":{},"stringValue":"\"create\"","timestamp":"2024-10-03T22:23:25.193Z","value":"create","valueType":"string"}
{"level":"error","status":500,"timestamp":"2024-10-03T22:23:25.196Z"}
{"level":"info","message":"Connected to DB","timestamp":"2024-10-03T22:25:24.908Z"}
{"level":"info","message":"Server is running on http://localhost:8900","timestamp":"2024-10-03T22:25:25.114Z"}
{"level":"info","message":"User","timestamp":"2024-10-03T22:25:37.767Z"}
{"kind":"ObjectId","level":"error","path":"_id","reason":{},"stringValue":"\"create\"","timestamp":"2024-10-03T22:26:41.044Z","value":"create","valueType":"string"}
{"level":"error","status":500,"timestamp":"2024-10-03T22:26:41.048Z"}
{"level":"info","message":"Connected to DB","timestamp":"2024-10-03T22:27:22.699Z"}
{"level":"info","message":"Server is running on http://localhost:8900","timestamp":"2024-10-03T22:27:22.820Z"}
{"kind":"ObjectId","level":"error","path":"_id","reason":{},"stringValue":"\"create\"","timestamp":"2024-10-03T22:29:41.300Z","value":"create","valueType":"string"}
{"level":"error","status":500,"timestamp":"2024-10-03T22:29:41.303Z"}
{"level":"info","message":"Connected to DB","timestamp":"2024-10-04T07:32:07.354Z"}
{"level":"info","message":"Server is running on http://localhost:8900","timestamp":"2024-10-04T07:32:07.545Z"}
{"level":"info","message":"Connected to DB","timestamp":"2024-10-04T07:33:26.786Z"}
{"level":"info","message":"Server is running on http://localhost:8900","timestamp":"2024-10-04T07:33:26.900Z"}
{"level":"info","message":"Connected to DB","timestamp":"2024-10-04T07:35:12.308Z"}
{"level":"info","message":"Server is running on http://localhost:8900","timestamp":"2024-10-04T07:35:12.393Z"}
{"level":"info","message":"Connected to DB","timestamp":"2024-10-04T07:35:32.314Z"}
{"level":"info","message":"Server is running on http://localhost:8900","timestamp":"2024-10-04T07:35:32.486Z"}
{"level":"info","message":"Connected to DB","timestamp":"2024-10-04T07:36:55.038Z"}
{"level":"info","message":"Server is running on http://localhost:8900","timestamp":"2024-10-04T07:36:55.112Z"}
{"level":"error","message":"ReferenceError: res is not defined\n    at file:///C:/Users/Igashi/Desktop/node-personal-projects/Altschool_Exam_project/src/app.js:41:3\n    at Layer.handle [as handle_request] (C:\\Users\\Igashi\\Desktop\\node-personal-projects\\Altschool_Exam_project\\node_modules\\express\\lib\\router\\layer.js:95:5)\n    at next (C:\\Users\\Igashi\\Desktop\\node-personal-projects\\Altschool_Exam_project\\node_modules\\express\\lib\\router\\route.js:149:13)\n    at Route.dispatch (C:\\Users\\Igashi\\Desktop\\node-personal-projects\\Altschool_Exam_project\\node_modules\\express\\lib\\router\\route.js:119:3)\n    at Layer.handle [as handle_request] (C:\\Users\\Igashi\\Desktop\\node-personal-projects\\Altschool_Exam_project\\node_modules\\express\\lib\\router\\layer.js:95:5)\n    at C:\\Users\\Igashi\\Desktop\\node-personal-projects\\Altschool_Exam_project\\node_modules\\express\\lib\\router\\index.js:284:15\n    at Function.process_params (C:\\Users\\Igashi\\Desktop\\node-personal-projects\\Altschool_Exam_project\\node_modules\\express\\lib\\router\\index.js:346:12)\n    at next (C:\\Users\\Igashi\\Desktop\\node-personal-projects\\Altschool_Exam_project\\node_modules\\express\\lib\\router\\index.js:280:10)\n    at C:\\Users\\Igashi\\Desktop\\node-personal-projects\\Altschool_Exam_project\\node_modules\\express\\lib\\router\\index.js:646:15\n    at next (C:\\Users\\Igashi\\Desktop\\node-personal-projects\\Altschool_Exam_project\\node_modules\\express\\lib\\router\\index.js:265:14)","timestamp":"2024-10-04T07:37:09.544Z"}
{"level":"info","message":"Connected to DB","timestamp":"2024-10-04T07:37:31.933Z"}
{"level":"info","message":"Server is running on http://localhost:8900","timestamp":"2024-10-04T07:37:32.033Z"}
{"level":"info","message":"Connected to DB","timestamp":"2024-10-04T07:38:28.785Z"}
{"level":"info","message":"Server is running on http://localhost:8900","timestamp":"2024-10-04T07:38:28.876Z"}
{"kind":"ObjectId","level":"error","path":"_id","reason":{},"stringValue":"\"create\"","timestamp":"2024-10-04T07:41:50.778Z","value":"create","valueType":"string"}
{"level":"error","status":500,"timestamp":"2024-10-04T07:41:50.782Z"}
{"level":"info","message":"authentication Middleware","timestamp":"2024-10-04T07:47:26.611Z"}
{"level":"info","message":"authentication Middleware","timestamp":"2024-10-04T07:48:08.331Z"}
{"level":"info","message":"authentication Middleware","timestamp":"2024-10-04T07:48:34.445Z"}
{"kind":"ObjectId","level":"error","path":"_id","reason":{},"stringValue":"\"draft\"","timestamp":"2024-10-04T07:50:07.572Z","value":"draft","valueType":"string"}
{"level":"error","status":500,"timestamp":"2024-10-04T07:50:07.592Z"}
{"kind":"ObjectId","level":"error","path":"_id","reason":{},"stringValue":"\"draft\"","timestamp":"2024-10-04T07:50:59.531Z","value":"draft","valueType":"string"}
{"level":"error","status":500,"timestamp":"2024-10-04T07:50:59.532Z"}
{"kind":"ObjectId","level":"error","path":"_id","reason":{},"stringValue":"\"draft\"","timestamp":"2024-10-04T07:51:00.748Z","value":"draft","valueType":"string"}
{"level":"error","status":500,"timestamp":"2024-10-04T07:51:00.752Z"}
{"level":"info","message":"authentication Middleware","timestamp":"2024-10-04T07:51:54.794Z"}
{"level":"info","message":"Connected to DB","timestamp":"2024-10-04T08:11:11.894Z"}
{"level":"info","message":"Server is running on http://localhost:8900","timestamp":"2024-10-04T08:11:12.012Z"}
{"level":"info","message":"Connected to DB","timestamp":"2024-10-04T08:30:03.817Z"}
{"level":"info","message":"Server is running on http://localhost:8900","timestamp":"2024-10-04T08:30:03.882Z"}
{"level":"info","message":"Connected to DB","timestamp":"2024-10-04T08:31:08.413Z"}
{"level":"info","message":"Server is running on http://localhost:8900","timestamp":"2024-10-04T08:31:08.486Z"}
{"kind":"ObjectId","level":"error","path":"_id","reason":{},"stringValue":"\"draft\"","timestamp":"2024-10-04T08:32:28.447Z","value":"draft","valueType":"string"}
{"level":"error","status":500,"timestamp":"2024-10-04T08:32:28.449Z"}
{"level":"error","message":"Error connecting to DB:","timestamp":"2024-10-04T08:35:03.451Z"}
{"level":"error","message":"Error connecting to DB:","timestamp":"2024-10-04T08:35:44.447Z"}
{"level":"info","message":"Connected to DB","timestamp":"2024-10-04T08:38:09.876Z"}
{"level":"info","message":"Server is running on http://localhost:8900","timestamp":"2024-10-04T08:38:10.016Z"}
{"level":"info","message":"User","timestamp":"2024-10-04T08:38:57.627Z"}
{"kind":"ObjectId","level":"error","path":"_id","reason":{},"stringValue":"\"456\"","timestamp":"2024-10-04T08:39:58.123Z","value":"456","valueType":"string"}
{"level":"error","status":500,"timestamp":"2024-10-04T08:39:58.145Z"}
{"level":"info","message":"Connected to DB","timestamp":"2024-10-04T08:47:27.461Z"}
{"level":"info","message":"Server is running on http://localhost:8900","timestamp":"2024-10-04T08:47:27.538Z"}
{"level":"info","message":"Connected to DB","timestamp":"2024-10-04T08:49:56.161Z"}
{"level":"info","message":"Server is running on http://localhost:8900","timestamp":"2024-10-04T08:49:56.305Z"}
{"level":"info","message":"Connected to DB","timestamp":"2024-10-04T08:52:09.977Z"}
{"level":"info","message":"Server is running on http://localhost:8900","timestamp":"2024-10-04T08:52:10.055Z"}
{"level":"info","message":"Connected to DB","timestamp":"2024-10-04T08:52:35.984Z"}
{"level":"info","message":"Server is running on http://localhost:8900","timestamp":"2024-10-04T08:52:36.132Z"}
{"level":"info","message":"Connected to DB","timestamp":"2024-10-04T08:53:43.210Z"}
{"level":"info","message":"Server is running on http://localhost:8900","timestamp":"2024-10-04T08:53:43.353Z"}
{"level":"info","message":"Connected to DB","timestamp":"2024-10-04T09:00:01.680Z"}
{"level":"info","message":"Server is running on http://localhost:8900","timestamp":"2024-10-04T09:00:01.943Z"}
{"level":"error","timestamp":"2024-10-04T09:00:05.053Z"}
{"level":"error","status":500,"timestamp":"2024-10-04T09:00:05.057Z"}
{"level":"error","timestamp":"2024-10-04T09:04:16.952Z"}
{"level":"error","status":500,"timestamp":"2024-10-04T09:04:16.959Z"}
{"level":"info","message":"Connected to DB","timestamp":"2024-10-04T09:05:01.656Z"}
{"level":"info","message":"Server is running on http://localhost:8900","timestamp":"2024-10-04T09:05:01.723Z"}
{"level":"error","message":"Error connecting to DB:","timestamp":"2024-10-04T10:02:45.759Z"}
{"level":"info","message":"Connected to DB","timestamp":"2024-10-04T10:04:14.855Z"}
{"level":"info","message":"Server is running on http://localhost:8900","timestamp":"2024-10-04T10:04:14.888Z"}
{"level":"info","message":"authentication Middleware","timestamp":"2024-10-04T10:04:51.726Z"}
{"level":"info","message":"authentication Middleware","timestamp":"2024-10-04T10:05:02.444Z"}
{"level":"info","message":"Connected to DB","timestamp":"2024-10-04T10:06:02.004Z"}
{"level":"info","message":"Server is running on http://localhost:8900","timestamp":"2024-10-04T10:06:02.080Z"}
{"level":"info","message":"Connected to DB","timestamp":"2024-10-04T10:07:11.040Z"}
{"level":"info","message":"Server is running on http://localhost:8900","timestamp":"2024-10-04T10:07:11.088Z"}
{"level":"info","message":"authentication Middleware","timestamp":"2024-10-04T10:13:54.847Z"}
{"level":"info","message":"Connected to DB","timestamp":"2024-10-04T10:17:09.762Z"}
{"level":"info","message":"Server is running on http://localhost:8900","timestamp":"2024-10-04T10:17:09.802Z"}
{"level":"info","message":"Connected to DB","timestamp":"2024-10-04T10:19:43.713Z"}
{"level":"info","message":"Server is running on http://localhost:8900","timestamp":"2024-10-04T10:19:43.751Z"}
{"level":"info","message":"authentication Middleware","timestamp":"2024-10-04T10:20:09.917Z"}
{"level":"info","message":"Connected to DB","timestamp":"2024-10-04T10:23:27.246Z"}
{"level":"info","message":"Server is running on http://localhost:8900","timestamp":"2024-10-04T10:23:27.283Z"}
{"level":"info","message":"authentication Middleware","timestamp":"2024-10-04T10:23:27.458Z"}
{"level":"info","message":"authentication Middleware","timestamp":"2024-10-04T10:23:30.551Z"}
{"level":"info","message":"Connected to DB","timestamp":"2024-10-04T10:28:07.725Z"}
{"level":"info","message":"Server is running on http://localhost:8900","timestamp":"2024-10-04T10:28:07.768Z"}
{"level":"info","message":"Connected to DB","timestamp":"2024-10-04T10:55:23.528Z"}
{"level":"info","message":"Server is running on http://localhost:8900","timestamp":"2024-10-04T10:55:23.604Z"}
{"level":"info","message":"authentication Middleware","timestamp":"2024-10-04T10:56:00.966Z"}
{"level":"info","message":"Connected to DB","timestamp":"2024-10-04T10:59:31.963Z"}
{"level":"info","message":"Server is running on http://localhost:8900","timestamp":"2024-10-04T10:59:32.006Z"}
{"level":"info","message":"authentication Middleware","timestamp":"2024-10-04T10:59:40.830Z"}
{"level":"info","message":"authentication Middleware","timestamp":"2024-10-04T10:59:53.056Z"}
{"level":"info","message":"authentication Middleware","timestamp":"2024-10-04T10:59:54.440Z"}
{"level":"info","message":"authentication Middleware","timestamp":"2024-10-04T11:02:37.984Z"}
{"level":"info","message":"authentication Middleware","timestamp":"2024-10-04T11:14:25.213Z"}
{"level":"info","message":"authentication Middleware","timestamp":"2024-10-04T11:14:31.251Z"}
{"level":"info","message":"authentication Middleware","timestamp":"2024-10-04T11:14:35.856Z"}
{"level":"info","message":"User","timestamp":"2024-10-04T11:14:38.440Z"}
{"level":"info","message":"authentication Middleware","timestamp":"2024-10-04T11:14:49.129Z"}
{"level":"info","message":"authentication Middleware","timestamp":"2024-10-04T11:15:02.795Z"}
{"level":"info","message":"User","timestamp":"2024-10-04T11:15:05.134Z"}
{"level":"info","message":"authentication Middleware","timestamp":"2024-10-04T11:15:07.911Z"}
{"level":"info","message":"authentication Middleware","timestamp":"2024-10-04T11:15:13.231Z"}
{"level":"info","message":"User","timestamp":"2024-10-04T11:17:32.800Z"}
{"level":"info","message":"Connected to DB","timestamp":"2024-10-04T11:19:34.580Z"}
{"level":"info","message":"Server is running on http://localhost:8900","timestamp":"2024-10-04T11:19:34.628Z"}
{"level":"info","message":"User","timestamp":"2024-10-04T11:21:10.545Z"}
{"level":"info","message":"authentication Middleware","timestamp":"2024-10-04T11:33:44.028Z"}
{"level":"info","message":"Connected to DB","timestamp":"2024-10-04T11:36:25.803Z"}
{"level":"info","message":"Server is running on http://localhost:8900","timestamp":"2024-10-04T11:36:25.845Z"}
{"level":"error","message":"Error connecting to DB:","timestamp":"2024-10-04T12:07:52.228Z"}
{"level":"info","message":"Connected to DB","timestamp":"2024-10-04T12:11:45.829Z"}
{"level":"info","message":"Server is running on http://localhost:8900","timestamp":"2024-10-04T12:11:45.875Z"}
{"level":"info","message":"Connected to DB","timestamp":"2024-10-04T12:12:41.504Z"}
{"level":"info","message":"Server is running on http://localhost:8900","timestamp":"2024-10-04T12:12:41.533Z"}
{"level":"info","message":"Connected to DB","timestamp":"2024-10-04T12:15:41.705Z"}
{"level":"info","message":"Server is running on http://localhost:8900","timestamp":"2024-10-04T12:15:41.735Z"}
{"level":"info","message":"authentication Middleware","timestamp":"2024-10-04T12:16:53.026Z"}
{"level":"info","message":"authentication Middleware","timestamp":"2024-10-04T12:17:09.468Z"}
{"level":"info","message":"authentication Middleware","timestamp":"2024-10-04T12:19:11.777Z"}
{"level":"info","message":"authentication Middleware","timestamp":"2024-10-04T12:19:13.320Z"}
{"level":"info","message":"Connected to DB","timestamp":"2024-10-04T12:20:16.352Z"}
{"level":"info","message":"Server is running on http://localhost:8900","timestamp":"2024-10-04T12:20:16.408Z"}
{"level":"info","message":"authentication Middleware","timestamp":"2024-10-04T12:20:22.679Z"}
{"level":"info","message":"authentication Middleware","timestamp":"2024-10-04T12:20:53.662Z"}
{"level":"info","message":"Connected to DB","timestamp":"2024-10-04T12:23:17.772Z"}
{"level":"info","message":"Server is running on http://localhost:8900","timestamp":"2024-10-04T12:23:17.818Z"}
{"level":"info","message":"authentication Middleware","timestamp":"2024-10-04T12:23:27.480Z"}
{"level":"info","message":"Connected to DB","timestamp":"2024-10-04T12:25:24.888Z"}
{"level":"info","message":"Server is running on http://localhost:8900","timestamp":"2024-10-04T12:25:24.920Z"}
{"level":"info","message":"authentication Middleware","timestamp":"2024-10-04T12:25:29.301Z"}
{"level":"info","message":"authentication Middleware","timestamp":"2024-10-04T12:25:30.197Z"}
{"level":"info","message":"authentication Middleware","timestamp":"2024-10-04T12:25:30.879Z"}
{"level":"info","message":"authentication Middleware","timestamp":"2024-10-04T12:25:31.030Z"}
{"level":"info","message":"Connected to DB","timestamp":"2024-10-04T12:26:16.041Z"}
{"level":"info","message":"Server is running on http://localhost:8900","timestamp":"2024-10-04T12:26:16.078Z"}
{"level":"info","message":"authentication Middleware","timestamp":"2024-10-04T12:31:14.081Z"}
{"level":"info","message":"authentication Middleware","timestamp":"2024-10-04T12:31:15.001Z"}
{"level":"info","message":"authentication Middleware","timestamp":"2024-10-04T12:31:15.732Z"}
{"level":"info","message":"Connected to DB","timestamp":"2024-10-04T12:32:35.624Z"}
{"level":"info","message":"Server is running on http://localhost:8900","timestamp":"2024-10-04T12:32:35.662Z"}
{"level":"info","message":"authentication Middleware","timestamp":"2024-10-04T12:32:46.599Z"}
{"level":"info","message":"Connected to DB","timestamp":"2024-10-04T12:33:19.997Z"}
{"level":"info","message":"Server is running on http://localhost:8900","timestamp":"2024-10-04T12:33:20.040Z"}
{"level":"info","message":"authentication Middleware","timestamp":"2024-10-04T12:33:27.260Z"}
{"level":"info","message":"Connected to DB","timestamp":"2024-10-04T12:35:28.771Z"}
{"level":"info","message":"Server is running on http://localhost:8900","timestamp":"2024-10-04T12:35:28.802Z"}
{"level":"info","message":"Connected to DB","timestamp":"2024-10-04T12:38:58.659Z"}
{"level":"info","message":"Server is running on http://localhost:8900","timestamp":"2024-10-04T12:38:58.704Z"}
{"level":"info","message":"authentication Middleware","timestamp":"2024-10-04T12:39:08.669Z"}
{"level":"info","message":"authentication Middleware","timestamp":"2024-10-04T12:40:58.059Z"}
{"level":"info","message":"Connected to DB","timestamp":"2024-11-08T11:29:57.852Z"}
{"level":"info","message":"Server is running on http://localhost:8900","timestamp":"2024-11-08T11:29:59.152Z"}
{"level":"error","message":"Error connecting to DB:","timestamp":"2025-12-17T12:13:05.673Z"}
{"level":"info","message":"Connected to DB","timestamp":"2025-12-17T12:21:46.917Z"}
{"level":"info","message":"Server is running on http://localhost:8900","timestamp":"2025-12-17T12:21:47.004Z"}
{"level":"info","message":"Connected to DB","timestamp":"2025-12-17T12:22:42.113Z"}
{"level":"info","message":"Server is running on http://localhost:8900","timestamp":"2025-12-17T12:22:42.156Z"}
{"level":"info","message":"Connected to DB","timestamp":"2025-12-18T09:54:55.820Z"}
{"level":"info","message":"Server is running on http://localhost:8900","timestamp":"2025-12-18T09:54:55.966Z"}
{"level":"info","message":"Connected to DB","timestamp":"2025-12-18T09:56:46.304Z"}
{"level":"info","message":"Server is running on http://localhost:8900","timestamp":"2025-12-18T09:56:46.346Z"}
{"level":"info","message":"Connected to DB","timestamp":"2025-12-18T10:05:40.974Z"}
{"level":"info","message":"Server is running on http://localhost:8900","timestamp":"2025-12-18T10:05:41.012Z"}
{"level":"error","timestamp":"2025-12-18T10:06:21.971Z"}
{"level":"error","timestamp":"2025-12-18T10:06:47.624Z"}
{"level":"info","message":"Connected to DB","timestamp":"2025-12-18T10:09:32.192Z"}
{"level":"info","message":"Server is running on http://localhost:8900","timestamp":"2025-12-18T10:09:32.235Z"}
{"level":"info","message":"Connected to DB","timestamp":"2025-12-18T10:10:34.101Z"}
{"level":"info","message":"Server is running on http://localhost:8900","timestamp":"2025-12-18T10:10:34.143Z"}
{"level":"info","message":"Connected to DB","timestamp":"2025-12-18T10:10:50.345Z"}
{"level":"info","message":"Server is running on http://localhost:8900","timestamp":"2025-12-18T10:10:50.374Z"}
{"level":"info","message":"User","timestamp":"2025-12-18T10:15:09.580Z"}
{"level":"info","message":"Connected to DB","timestamp":"2025-12-18T10:17:42.984Z"}
{"level":"info","message":"Server is running on http://localhost:8900","timestamp":"2025-12-18T10:17:43.020Z"}
{"level":"info","message":"User","timestamp":"2025-12-18T10:19:59.035Z"}
{"level":"info","message":"Connected to DB","timestamp":"2025-12-18T10:21:07.829Z"}
{"level":"info","message":"Server is running on http://localhost:8900","timestamp":"2025-12-18T10:21:07.957Z"}
{"level":"info","message":"User","timestamp":"2025-12-18T10:21:11.970Z"}
{"level":"info","message":"Connected to DB","timestamp":"2025-12-18T10:23:03.182Z"}
{"level":"info","message":"Server is running on http://localhost:8900","timestamp":"2025-12-18T10:23:03.227Z"}
{"level":"info","message":"Connected to DB","timestamp":"2025-12-18T10:25:34.763Z"}
{"level":"info","message":"Server is running on http://localhost:8900","timestamp":"2025-12-18T10:25:34.817Z"}
{"level":"info","message":"Connected to DB","timestamp":"2025-12-18T10:46:45.579Z"}
{"level":"info","message":"Server is running on http://localhost:8900","timestamp":"2025-12-18T10:46:45.963Z"}
{"level":"info","message":"Connected to DB","timestamp":"2025-12-18T11:35:05.030Z"}
{"level":"info","message":"Server is running on http://localhost:8900","timestamp":"2025-12-18T11:35:05.109Z"}
{"level":"info","message":"Connected to DB","timestamp":"2025-12-18T12:10:30.168Z"}
{"level":"info","message":"Server is running on http://localhost:8900","timestamp":"2025-12-18T12:10:30.311Z"}
